Thu Nov 12 18:08:56 MSK 2015  [debug] AvalonLogSystem initialized using logfile 'velocity.log'
Thu Nov 12 18:08:56 MSK 2015   [info] ************************************************************** 
Thu Nov 12 18:08:56 MSK 2015   [info] Starting Jakarta Velocity v1.4
Thu Nov 12 18:08:56 MSK 2015   [info] RuntimeInstance initializing.
Thu Nov 12 18:08:56 MSK 2015   [info] Default Properties File: org\apache\velocity\runtime\defaults\velocity.properties
Thu Nov 12 18:08:56 MSK 2015   [info] Trying to use logger class org.apache.velocity.runtime.log.AvalonLogSystem
Thu Nov 12 18:08:56 MSK 2015   [info] Using logger class org.apache.velocity.runtime.log.AvalonLogSystem
Thu Nov 12 18:08:56 MSK 2015   [info] Default ResourceManager initializing. (class org.apache.velocity.runtime.resource.ResourceManagerImpl)
Thu Nov 12 18:08:56 MSK 2015   [info] Resource Loader Instantiated: org.apache.velocity.runtime.resource.loader.FileResourceLoader
Thu Nov 12 18:08:56 MSK 2015   [info] FileResourceLoader : initialization starting.
Thu Nov 12 18:08:56 MSK 2015   [info] FileResourceLoader : adding path '.'
Thu Nov 12 18:08:56 MSK 2015   [info] FileResourceLoader : initialization complete.
Thu Nov 12 18:08:56 MSK 2015   [info] ResourceCache : initialized. (class org.apache.velocity.runtime.resource.ResourceCacheImpl)
Thu Nov 12 18:08:56 MSK 2015   [info] Default ResourceManager initialization complete.
Thu Nov 12 18:08:56 MSK 2015   [info] Loaded System Directive: org.apache.velocity.runtime.directive.Literal
Thu Nov 12 18:08:56 MSK 2015   [info] Loaded System Directive: org.apache.velocity.runtime.directive.Macro
Thu Nov 12 18:08:56 MSK 2015   [info] Loaded System Directive: org.apache.velocity.runtime.directive.Parse
Thu Nov 12 18:08:56 MSK 2015   [info] Loaded System Directive: org.apache.velocity.runtime.directive.Include
Thu Nov 12 18:08:56 MSK 2015   [info] Loaded System Directive: org.apache.velocity.runtime.directive.Foreach
Thu Nov 12 18:08:56 MSK 2015   [info] Created: 20 parsers.
Thu Nov 12 18:08:56 MSK 2015   [info] Velocimacro : initialization starting.
Thu Nov 12 18:08:56 MSK 2015   [info] Velocimacro : adding VMs from VM library template : VM_global_library.vm
Thu Nov 12 18:08:56 MSK 2015  [error] ResourceManager : unable to find resource 'VM_global_library.vm' in any resource loader.
Thu Nov 12 18:08:56 MSK 2015   [info] Velocimacro : error using  VM library template VM_global_library.vm : org.apache.velocity.exception.ResourceNotFoundException: Unable to find resource 'VM_global_library.vm'
Thu Nov 12 18:08:56 MSK 2015   [info] Velocimacro :  VM library template macro registration complete.
Thu Nov 12 18:08:56 MSK 2015   [info] Velocimacro : allowInline = true : VMs can be defined inline in templates
Thu Nov 12 18:08:56 MSK 2015   [info] Velocimacro : allowInlineToOverride = false : VMs defined inline may NOT replace previous VM definitions
Thu Nov 12 18:08:56 MSK 2015   [info] Velocimacro : allowInlineLocal = false : VMs defined inline will be  global in scope if allowed.
Thu Nov 12 18:08:56 MSK 2015   [info] Velocimacro : messages on  : VM system will output logging messages
Thu Nov 12 18:08:56 MSK 2015   [info] Velocimacro : autoload off  : VM system will not automatically reload global library macros
Thu Nov 12 18:08:56 MSK 2015   [info] Velocimacro : initialization complete.
Thu Nov 12 18:08:56 MSK 2015   [info] Velocity successfully started.
Thu Nov 12 18:08:56 MSK 2015   [info] ResourceManager : found ./static/index.vsl with loader org.apache.velocity.runtime.resource.loader.FileResourceLoader
Thu Nov 12 18:08:57 MSK 2015   [info] ResourceManager : found ./static/index.vsl with loader org.apache.velocity.runtime.resource.loader.FileResourceLoader
Thu Nov 12 18:08:58 MSK 2015   [info] ResourceManager : found ./static/index.vsl with loader org.apache.velocity.runtime.resource.loader.FileResourceLoader
Thu Nov 12 18:08:58 MSK 2015   [info] ResourceManager : found ./static/index.vsl with loader org.apache.velocity.runtime.resource.loader.FileResourceLoader
Thu Nov 12 18:08:59 MSK 2015   [info] ResourceManager : found ./static/ReserveServlet.vsl with loader org.apache.velocity.runtime.resource.loader.FileResourceLoader
Thu Nov 12 18:08:59 MSK 2015   [info] ResourceManager : found ./static/index.vsl with loader org.apache.velocity.runtime.resource.loader.FileResourceLoader
Thu Nov 12 18:09:01 MSK 2015   [info] ResourceManager : found ./static/result.vsl with loader org.apache.velocity.runtime.resource.loader.FileResourceLoader
Thu Nov 12 18:09:01 MSK 2015   [info] ResourceManager : found ./static/index.vsl with loader org.apache.velocity.runtime.resource.loader.FileResourceLoader
Thu Nov 12 18:09:03 MSK 2015   [info] ResourceManager : found ./static/index.vsl with loader org.apache.velocity.runtime.resource.loader.FileResourceLoader
Thu Nov 12 18:09:03 MSK 2015   [info] ResourceManager : found ./static/index.vsl with loader org.apache.velocity.runtime.resource.loader.FileResourceLoader
Thu Nov 12 18:11:28 MSK 2015   [info] ResourceManager : found ./static/index.vsl with loader org.apache.velocity.runtime.resource.loader.FileResourceLoader
Thu Nov 12 18:11:28 MSK 2015   [info] ResourceManager : found ./static/index.vsl with loader org.apache.velocity.runtime.resource.loader.FileResourceLoader
Thu Nov 12 18:11:30 MSK 2015   [info] ResourceManager : found ./static/index.vsl with loader org.apache.velocity.runtime.resource.loader.FileResourceLoader
Thu Nov 12 18:11:30 MSK 2015   [info] ResourceManager : found ./static/index.vsl with loader org.apache.velocity.runtime.resource.loader.FileResourceLoader
Thu Nov 12 18:11:32 MSK 2015   [info] ResourceManager : found ./static/ReserveServlet.vsl with loader org.apache.velocity.runtime.resource.loader.FileResourceLoader
Thu Nov 12 18:11:32 MSK 2015   [info] ResourceManager : found ./static/index.vsl with loader org.apache.velocity.runtime.resource.loader.FileResourceLoader
Thu Nov 12 18:11:38 MSK 2015   [info] ResourceManager : found ./static/ReserveServlet.vsl with loader org.apache.velocity.runtime.resource.loader.FileResourceLoader
Thu Nov 12 18:11:38 MSK 2015   [info] ResourceManager : found ./static/index.vsl with loader org.apache.velocity.runtime.resource.loader.FileResourceLoader
Thu Nov 12 18:11:41 MSK 2015   [info] ResourceManager : found ./static/ReserveServlet.vsl with loader org.apache.velocity.runtime.resource.loader.FileResourceLoader
Thu Nov 12 18:11:41 MSK 2015   [info] ResourceManager : found ./static/index.vsl with loader org.apache.velocity.runtime.resource.loader.FileResourceLoader
Thu Nov 12 18:11:45 MSK 2015   [info] ResourceManager : found ./static/index.vsl with loader org.apache.velocity.runtime.resource.loader.FileResourceLoader
